<?xml version="1.0" encoding="UTF-8"?>
<!-- Generated by org.testng.reporters.JUnitReportReporter -->
<testsuite hostname="DESKTOP-RIFL130" failures="0" tests="1" name="loginecommerce.login" time="26.894" errors="0" timestamp="2024-02-10T17:22:10 IST" skipped="0">
  <testcase classname="loginecommerce.login" name="lohin" time="26.894"/>
  <system-out/>
</testsuite> <!-- loginecommerce.login -->
